2018-02-02 19:22:18,452 - Experiment 1
2018-02-02 19:22:18,453 - 
state: 4531
t: 1517570538.453196
m: 13229
c: 647
a: 1559
2018-02-02 19:22:22,514 - 
std: [[  1.77616366e-05]]
parameters: [ 0.98881463]
ax: Axes(0.125,0.11;0.352273x0.77)
RNG: LCG
2018-02-02 19:22:22,520 - duration : 4.067712068557739
2018-02-02 19:22:22,520 - Experiment 2
2018-02-02 19:22:22,655 - 
std: [[  1.04213338e-06]]
parameters: [ 1.00056861]
ax: Axes(0.547727,0.11;0.352273x0.77)
RNG: npRNG
2018-02-02 19:22:22,661 - duration : 0.1409151554107666
2018-02-03 01:17:48,798 - 
state: 7986
t: 1517591868.798601
m: 13229
c: 647
a: 1559
2018-02-03 01:26:22,699 - 
state: 6997
t: 1517592382.6997828
m: 13229
c: 647
a: 1559
