2018-01-26 14:44:20,260 - std: [[  2.60523537e-05]], parameters: [ 3.4727341], sample_size: 500, sample_steps: 10, walk_steps: 5000, N: 500, name: LCG, ax: Axes(0.125,0.11;0.352273x0.77), RNG: <generator object LCG at 0x10dc4afc0>
2018-01-26 14:44:26,549 - std: [[  3.84818262e-06]], parameters: [ 2.93524222], sample_size: 500, sample_steps: 10, walk_steps: 5000, N: 500, name: numpy RNG, ax: Axes(0.547727,0.11;0.352273x0.77), RNG: <generator object npRNG at 0x10dcbe048>
2018-01-26 14:45:52,469 - std: [[  2.60523537e-05]], parameters: [ 3.4727341], sample_size: 500, sample_steps: 10, walk_steps: 5000, N: 500, name: LCG, ax: Axes(0.125,0.11;0.352273x0.77), RNG: <generator object LCG at 0x118822fc0>
2018-01-26 14:45:58,636 - std: [[  7.80435074e-06]], parameters: [ 3.09100487], sample_size: 500, sample_steps: 10, walk_steps: 5000, N: 500, name: numpy RNG, ax: Axes(0.547727,0.11;0.352273x0.77), RNG: <generator object npRNG at 0x118892048>
2018-01-26 14:58:06,823 - name: LCG, ax: Axes(0.125,0.11;0.352273x0.77), RNG: <generator object LCG at 0x111b257d8>, std: [[  2.60523537e-05]], parameters: [ 3.4727341], sample_size: 500, sample_steps: 10, walk_steps: 5000, N: 500
2018-01-26 15:01:33,820 - std: [[  1.88825082e-06]], parameters: [ 2.97835557], sample_size: 500, sample_steps: 10, walk_steps: 5000, N: 500, name: numpy RNG, ax: Axes(0.547727,0.11;0.352273x0.77), RNG: <generator object npRNG at 0x111b25830>
2018-01-26 15:09:00,568 - std: [[  2.60523537e-05]], parameters: [ 3.4727341], sample_size: 500, sample_steps: 10, walk_steps: 5000, N: 500, name: LCG, ax: Axes(0.125,0.11;0.352273x0.77), RNG: <generator object LCG at 0x110f36048>
2018-01-26 15:09:06,865 - std: [[  6.18440140e-06]], parameters: [ 3.11491344], sample_size: 500, sample_steps: 10, walk_steps: 5000, N: 500, name: numpy RNG, ax: Axes(0.547727,0.11;0.352273x0.77), RNG: <generator object npRNG at 0x110f360a0>
2018-01-26 15:09:10,021 - duration: 13.669871091842651
2018-01-26 15:11:20,085 - std: [[  2.60523537e-05]], parameters: [ 3.4727341], sample_size: 500, sample_steps: 10, walk_steps: 5000, N: 500, start: 1516950676.1634681, name: LCG, ax: Axes(0.125,0.11;0.352273x0.77), RNG: <generator object LCG at 0x118e92048>
2018-01-26 15:11:20,085 - duration : 3.922287702560425
2018-01-26 15:11:26,150 - std: [[  2.09425308e-06]], parameters: [ 3.04931093], sample_size: 500, sample_steps: 10, walk_steps: 5000, N: 500, start: 1516950680.089779, name: numpy RNG, ax: Axes(0.547727,0.11;0.352273x0.77), RNG: <generator object npRNG at 0x118e920a0>
2018-01-26 15:11:26,150 - duration : 6.06047797203064
2018-01-26 15:13:05,762 - std: [[  2.60523537e-05]], parameters: [ 3.4727341], sample_size: 500, sample_steps: 10, walk_steps: 5000, N: 500, start: 1516950781.766453, name: LCG, ax: Axes(0.125,0.11;0.352273x0.77), RNG: <generator object LCG at 0x10deaf048>
2018-01-26 15:13:05,762 - duration : 3.996397018432617
2018-01-26 15:13:12,376 - std: [[  3.51887207e-06]], parameters: [ 3.00229841], sample_size: 500, sample_steps: 10, walk_steps: 5000, N: 500, start: 1516950785.767261, name: numpy RNG, ax: Axes(0.547727,0.11;0.352273x0.77), RNG: <generator object npRNG at 0x10deaf0a0>
2018-01-26 15:13:12,376 - duration : 6.609449863433838
2018-01-26 15:14:58,954 - std: [[  2.60523537e-05]], parameters: [ 3.4727341], sample_size: 500, sample_steps: 10, walk_steps: 5000, N: 500, name: LCG, ax: Axes(0.125,0.11;0.352273x0.77), RNG: <generator object LCG at 0x110b59048>, start: 1516950895.0059378
2018-01-26 15:14:58,954 - duration : 3.9490413665771484
2018-01-26 15:15:05,418 - std: [[  7.12944507e-06]], parameters: [ 2.92239273], sample_size: 500, sample_steps: 10, walk_steps: 5000, N: 500, name: numpy RNG, ax: Axes(0.547727,0.11;0.352273x0.77), RNG: <generator object npRNG at 0x110b590a0>, start: 1516950898.958731
2018-01-26 15:15:05,418 - duration : 6.459417104721069
2018-01-26 15:38:41,444 - std: [[  2.60523537e-05]], parameters: [ 3.4727341], sample_size: 500, sample_steps: 10, walk_steps: 5000, N: 500, name: LCG, ax: Axes(0.125,0.11;0.352273x0.77), RNG: <generator object LCG at 0x11068e048>, start: 1516952317.261455
2018-01-26 15:38:41,447 - duration : 4.18648099899292
2018-01-26 15:38:47,433 - std: [[  3.84333191e-06]], parameters: [ 3.00715494], sample_size: 500, sample_steps: 10, walk_steps: 5000, N: 500, name: numpy RNG, ax: Axes(0.547727,0.11;0.352273x0.77), RNG: <generator object npRNG at 0x11068e0a0>, start: 1516952321.452636
2018-01-26 15:38:47,434 - duration : 5.981446981430054
2018-01-26 15:42:05,635 - std: [[  2.60523537e-05]], parameters: [ 3.4727341], sample_size: 500, sample_steps: 10, walk_steps: 5000, N: 500, name: LCG, ax: Axes(0.125,0.11;0.352273x0.77), RNG: <generator object LCG at 0x10baa8048>, start: 1516952521.7361841
2018-01-26 15:42:05,635 - duration : 3.8992807865142822
2018-01-26 15:42:11,975 - std: [[  2.02212195e-06]], parameters: [ 3.00850523], sample_size: 500, sample_steps: 10, walk_steps: 5000, N: 500, name: numpy RNG, ax: Axes(0.547727,0.11;0.352273x0.77), RNG: <generator object npRNG at 0x10baa80a0>, start: 1516952525.639313
2018-01-26 15:42:11,975 - duration : 6.336463928222656
2018-01-26 16:13:45,396 - std: [[  2.60523537e-05]], parameters: [ 3.4727341], name: LCG, ax: Axes(0.125,0.11;0.352273x0.77), RNG: <generator object LCG at 0x1183d10a0>, start: 1516954421.532539
2018-01-26 16:13:45,396 - duration : 3.863852024078369
2018-01-26 16:13:51,732 - std: [[  2.40539519e-06]], parameters: [ 3.14966343], name: numpy RNG, ax: Axes(0.547727,0.11;0.352273x0.77), RNG: <generator object npRNG at 0x1183d10f8>, start: 1516954425.4004989
2018-01-26 16:13:51,732 - duration : 6.332027196884155
2018-01-26 16:14:02,490 - std: [[  2.60523537e-05]], parameters: [ 3.4727341], name: LCG, ax: Axes(0.125,0.11;0.352273x0.77), RNG: <generator object LCG at 0x11829d0a0>, start: 1516954438.601753
2018-01-26 16:14:02,490 - duration : 3.8885669708251953
2018-01-26 16:14:08,323 - std: [[  1.56521718e-05]], parameters: [ 2.97402456], name: numpy RNG, ax: Axes(0.547727,0.11;0.352273x0.77), RNG: <generator object npRNG at 0x11829d0f8>, start: 1516954442.4943402
2018-01-26 16:14:08,323 - duration : 5.829242706298828
2018-01-26 16:29:49,152 - std: [[  2.60523537e-05]], parameters: [ 3.4727341], name: LCG, ax: Axes(0.125,0.11;0.352273x0.77), RNG: <generator object LCG at 0x111572200>
2018-01-26 16:29:49,158 - duration : 3.892183780670166
2018-01-26 16:29:55,115 - std: [[  1.79690431e-06]], parameters: [ 2.98299788], name: numpy RNG, ax: Axes(0.547727,0.11;0.352273x0.77), RNG: <generator object npRNG at 0x111572258>
2018-01-26 16:29:55,120 - duration : 5.9621241092681885
2018-01-26 16:32:38,534 - std: [[  2.60523537e-05]], parameters: [ 3.4727341], name: LCG, ax: Axes(0.125,0.11;0.352273x0.77), RNG: <generator object LCG at 0x116b6ffc0>
2018-01-26 16:32:38,538 - duration : 3.8618218898773193
2018-01-26 16:32:44,554 - std: [[  1.41318223e-05]], parameters: [ 3.13037345], name: numpy RNG, ax: Axes(0.547727,0.11;0.352273x0.77), RNG: <generator object npRNG at 0x116be80f8>
2018-01-26 16:32:44,558 - duration : 6.02038311958313
2018-01-26 17:06:52,977 - std: [[  2.60523537e-05]], parameters: [ 3.4727341], name: LCG, ax: Axes(0.125,0.11;0.352273x0.77), RNG: <generator object LCG at 0x10c5bd0a0>
2018-01-26 17:06:52,982 - duration : 3.9096550941467285
2018-01-26 17:06:58,903 - std: [[  6.16562978e-06]], parameters: [ 3.07452173], name: numpy RNG, ax: Axes(0.547727,0.11;0.352273x0.77), RNG: <generator object npRNG at 0x10c5bd0f8>
2018-01-26 17:06:58,906 - duration : 5.9244301319122314
2018-01-26 17:27:05,179 - std: [[  2.60523537e-05]], parameters: [ 3.4727341], name: LCG, ax: Axes(0.125,0.125;0.352273x0.755), RNG: <generator object LCG at 0x111241bf8>
2018-01-26 17:27:05,184 - duration : 3.789552927017212
2018-01-26 17:27:10,911 - std: [[  3.15387916e-06]], parameters: [ 3.0744636], name: numpy RNG, ax: Axes(0.547727,0.125;0.352273x0.755), RNG: <generator object npRNG at 0x111241c50>
2018-01-26 17:27:10,916 - duration : 5.731994867324829
2018-01-26 17:27:49,640 - std: [[  2.64448409e-05]], parameters: [ 3.46263878], name: LCG, ax: Axes(0.125,0.125;0.352273x0.755), RNG: <generator object LCG at 0x111241bf8>
2018-01-26 17:27:49,643 - duration : 3.919645309448242
2018-01-26 17:27:55,697 - std: [[  4.73457880e-06]], parameters: [ 3.08047544], name: numpy RNG, ax: Axes(0.547727,0.125;0.352273x0.755), RNG: <generator object npRNG at 0x111241c50>
2018-01-26 17:27:55,701 - duration : 6.057793855667114
2018-01-26 17:28:08,329 - std: [[  2.72291468e-05]], parameters: [ 3.47254278], name: LCG, ax: Axes(0.125,0.125;0.352273x0.755), RNG: <generator object LCG at 0x111241bf8>
2018-01-26 17:28:08,332 - duration : 3.954042673110962
2018-01-26 17:28:14,196 - std: [[  9.34926219e-06]], parameters: [ 2.93335207], name: numpy RNG, ax: Axes(0.547727,0.125;0.352273x0.755), RNG: <generator object npRNG at 0x111241c50>
2018-01-26 17:28:14,201 - duration : 5.86835503578186
2018-01-26 17:29:40,670 - std: [[  2.60523537e-05]], parameters: [ 3.4727341], name: LCG, ax: Axes(0.125,0.125;0.352273x0.755), RNG: <generator object LCG at 0x110f67b48>
2018-01-26 17:29:40,674 - duration : 3.6878316402435303
2018-01-26 17:29:46,921 - std: [[  2.51883407e-06]], parameters: [ 3.06316646], name: numpy RNG, ax: Axes(0.547727,0.125;0.352273x0.755), RNG: <generator object npRNG at 0x110f67ba0>
2018-01-26 17:29:46,925 - duration : 6.250679016113281
2018-01-26 17:31:30,878 - std: [[  2.64448409e-05]], parameters: [ 3.46263878], name: LCG, ax: Axes(0.125,0.125;0.352273x0.755), RNG: <generator object LCG at 0x110f67b48>
2018-01-26 17:31:30,884 - duration : 3.9365689754486084
2018-01-26 17:31:36,791 - std: [[  1.37257786e-05]], parameters: [ 2.8468015], name: numpy RNG, ax: Axes(0.547727,0.125;0.352273x0.755), RNG: <generator object npRNG at 0x110f67ba0>
2018-01-26 17:31:36,796 - duration : 5.911694765090942
2018-01-26 17:31:49,566 - std: [[  2.60523537e-05]], parameters: [ 3.4727341], name: LCG, ax: Axes(0.125,0.125;0.352273x0.755), RNG: <generator object LCG at 0x110d75af0>
2018-01-26 17:32:54,640 - std: [[  2.60523537e-05]], parameters: [ 3.4727341], name: LCG, ax: Axes(0.125,0.125;0.352273x0.755), RNG: <generator object LCG at 0x1192b1af0>
2018-01-26 17:32:54,644 - duration : 3.691316843032837
2018-01-26 17:33:00,294 - std: [[  3.67219718e-06]], parameters: [ 3.13132128], name: numpy RNG, ax: Axes(0.547727,0.125;0.352273x0.755), RNG: <generator object npRNG at 0x1192b1ba0>
2018-01-26 17:33:00,298 - duration : 5.653587818145752
2018-01-26 17:33:38,273 - std: [[  2.60523537e-05]], parameters: [ 3.4727341], name: LCG, ax: Axes(0.125,0.125;0.352273x0.755), RNG: <generator object LCG at 0x10d201af0>
2018-01-26 17:33:38,278 - duration : 3.6565167903900146
2018-01-26 17:33:44,125 - std: [[  2.82595180e-06]], parameters: [ 2.87671584], name: numpy RNG, ax: Axes(0.547727,0.125;0.352273x0.755), RNG: <generator object npRNG at 0x10d201ba0>
2018-01-26 17:33:44,129 - duration : 5.850489854812622
2018-01-26 17:33:57,218 - std: [[  2.64448409e-05]], parameters: [ 3.46263878], name: LCG, ax: Axes(0.125,0.125;0.352273x0.755), RNG: <generator object LCG at 0x10d201af0>
2018-01-26 17:33:57,222 - duration : 4.040191888809204
2018-01-26 17:34:03,124 - std: [[  1.78459818e-06]], parameters: [ 3.03324921], name: numpy RNG, ax: Axes(0.547727,0.125;0.352273x0.755), RNG: <generator object npRNG at 0x10d201ba0>
2018-01-26 17:34:03,129 - duration : 5.906233787536621
