2018-02-27 18:30:41,337 - 
sig: 3.4
eps: 0.0103
m: 39.948
N: 216
T: 100
dt: 0.1
steps: 20000
L: 30.599999999999994
dl: 1.5299999999999998
count: 40000
t: 2000.0

2018-02-27 18:30:44,489 - 
sig: 3.4
eps: 0.0103
m: 39.948
N: 216
T: 100
dt: 0.1
steps: 20000
L: 30.599999999999994
dl: 1.5299999999999998
count: 40000
t: 2000.0

2018-02-27 19:26:32,864 - 
sig: 3.4
eps: 0.0103
m: 39.948
N: 216
T: 100
dt: 0.1
steps: 20000
L: 30.599999999999994
dl: 1.5299999999999998
count: 40000
t: 2000.0

2018-02-27 19:28:27,838 - 
sig: 3.4
eps: 0.0103
m: 39.948
N: 216
T: 100
dt: 0.1
steps: 20000
L: 30.599999999999994
dl: 1.5299999999999998
count: 40000
t: 2000.0

2018-02-27 19:30:28,450 - 
sig: 3.4
eps: 0.0103
m: 39.948
N: 216
T: 100
dt: 0.1
steps: 20000
L: 30.599999999999994
dl: 1.5299999999999998
count: 40000
t: 2000.0

2018-02-27 19:31:05,735 - 
sig: 3.4
eps: 0.0103
m: 39.948
N: 216
T: 100
dt: 0.1
steps: 20000
L: 30.599999999999994
dl: 1.5299999999999998
count: 40000
t: 2000.0

2018-02-27 19:31:28,449 - 
sig: 3.4
eps: 0.0103
m: 39.948
N: 216
T: 100
dt: 0.1
steps: 20000
L: 30.599999999999994
dl: 1.5299999999999998
count: 40000
t: 2000.0

2018-02-27 19:31:48,442 - 
sig: 3.4
eps: 0.0103
m: 39.948
N: 216
T: 100
dt: 0.1
steps: 20000
L: 30.599999999999994
dl: 1.5299999999999998
count: 40000
t: 2000.0

2018-02-27 19:32:05,334 - 
sig: 3.4
eps: 0.0103
m: 39.948
N: 216
T: 100
dt: 0.1
steps: 20000
L: 30.599999999999994
dl: 1.5299999999999998
count: 40000
t: 2000.0

2018-02-28 19:18:29,226 - 
sig: 3.4
eps: 0.0103
m: 39.948
N: 216
T: 100
dt: 0.1
steps: 20000
L: 30.599999999999994
dl: 1.5299999999999998
count: 40000
t: 2000.0

2018-02-28 19:54:55,898 - 
sig: 3.4
eps: 0.0103
m: 39.948
N: 216
T: 100
dt: 0.1
steps: 20000
L: 30.599999999999994
dl: 1.5299999999999998
count: 40000
t: 2000.0

2018-02-28 20:00:15,363 - 
sig: 3.4
eps: 0.0103
m: 39.948
N: 216
T: 100
dt: 0.1
steps: 20000
L: 30.599999999999994
dl: 1.5299999999999998
count: 40000
t: 2000.0

2018-02-28 20:00:59,814 - 
sig: 3.4
eps: 0.0103
m: 39.948
N: 216
T: 100
dt: 0.1
steps: 20000
L: 30.599999999999994
dl: 1.5299999999999998
count: 40000
t: 2000.0

2018-02-28 20:01:28,912 - 
sig: 3.4
eps: 0.0103
m: 39.948
N: 216
T: 100
dt: 0.1
steps: 20000
L: 30.599999999999994
dl: 1.5299999999999998
count: 40000
t: 2000.0

2018-02-28 20:02:23,105 - 
sig: 3.4
eps: 0.0103
m: 39.948
N: 216
T: 100
dt: 0.1
steps: 20000
L: 30.599999999999994
dl: 1.5299999999999998
count: 40000
t: 2000.0

2018-02-28 20:07:33,286 - duration : 291.4788737297058
2018-02-28 20:08:44,213 - 
sig: 3.4
eps: 0.0103
m: 39.948
N: 216
T: 100
dt: 0.1
steps: 20000
L: 30.599999999999994
dl: 1.5299999999999998
count: 60000
t: 2000.0

