version: 1
creator: yappi
pid: 35332
cmd:  system_setup.py
part: 1

events: Ticks

fl=(1) system_setup.py
fl=(10) /Users/aaron/anaconda/lib/python3.6/site-packages/numpy/lib/function_base.py
fl=(20) /Users/aaron/anaconda/lib/python3.6/site-packages/numpy/core/shape_base.py
fl=(2) /Users/aaron/anaconda/lib/python3.6/site-packages/numpy/core/function_base.py
fl=(21) /Users/aaron/anaconda/lib/python3.6/site-packages/numpy/core/shape_base.py
fl=(22) /Users/aaron/anaconda/lib/python3.6/site-packages/numpy/core/shape_base.py
fl=(5) /Users/aaron/anaconda/lib/python3.6/site-packages/numpy/core/numeric.py
fl=(13) /Users/aaron/anaconda/lib/python3.6/site-packages/numpy/lib/function_base.py
fl=(19) /Users/aaron/anaconda/lib/python3.6/site-packages/numpy/lib/function_base.py
fl=(6) numpy.core.multiarray
fl=(25) builtins
fl=(11) builtins
fl=(14) __builtin__
fl=(16) /Users/aaron/anaconda/lib/python3.6/site-packages/numpy/core/numeric.py
fl=(24) numpy.core.multiarray
fl=(8) numpy.core.multiarray
fl=(12) __builtin__
fl=(3) /Users/aaron/anaconda/lib/python3.6/site-packages/numpy/core/function_base.py
fl=(23) __builtin__
fl=(9) __builtin__
fl=(7) numpy.core.multiarray
fl=(0) time
fl=(18) numpy.core.multiarray
fl=(17) numpy.core.multiarray
fl=(15) /Users/aaron/anaconda/lib/python3.6/site-packages/numpy/lib/function_base.py
fl=(4) _operator

fn=(1) lattice_pos system_setup.py:24
fn=(10) meshgrid /Users/aaron/anaconda/lib/python3.6/site-packages/numpy/lib/function_base.py:4396
fn=(20) vstack /Users/aaron/anaconda/lib/python3.6/site-packages/numpy/core/shape_base.py:180
fn=(2) linspace /Users/aaron/anaconda/lib/python3.6/site-packages/numpy/core/function_base.py:25
fn=(21) <listcomp> /Users/aaron/anaconda/lib/python3.6/site-packages/numpy/core/shape_base.py:234
fn=(22) atleast_2d /Users/aaron/anaconda/lib/python3.6/site-packages/numpy/core/shape_base.py:61
fn=(5) asanyarray /Users/aaron/anaconda/lib/python3.6/site-packages/numpy/core/numeric.py:534
fn=(13) <listcomp> /Users/aaron/anaconda/lib/python3.6/site-packages/numpy/lib/function_base.py:4513
fn=(19) <listcomp> /Users/aaron/anaconda/lib/python3.6/site-packages/numpy/lib/function_base.py:4533
fn=(6) array numpy.core.multiarray:0
fn=(25) print builtins:0
fn=(11) len builtins:0
fn=(14) <method 'reshape' of 'numpy.ndarray' objects> __builtin__:0
fn=(16) ones /Users/aaron/anaconda/lib/python3.6/site-packages/numpy/core/numeric.py:150
fn=(24) concatenate numpy.core.multiarray:0
fn=(8) arange numpy.core.multiarray:0
fn=(12) <method 'pop' of 'dict' objects> __builtin__:0
fn=(3) _index_deprecate /Users/aaron/anaconda/lib/python3.6/site-packages/numpy/core/function_base.py:13
fn=(23) <method 'append' of 'list' objects> __builtin__:0
fn=(9) <method 'astype' of 'numpy.ndarray' objects> __builtin__:0
fn=(7) result_type numpy.core.multiarray:0
fn=(0) time time:0
fn=(18) copyto numpy.core.multiarray:0
fn=(17) empty numpy.core.multiarray:0
fn=(15) <listcomp> /Users/aaron/anaconda/lib/python3.6/site-packages/numpy/lib/function_base.py:4516
fn=(4) index _operator:0

fl=(1)
fn=(1)
24 37
cfl=(14)
cfn=(14)
calls=1 0
0 5
cfl=(20)
cfn=(20)
calls=1 0
0 188
cfl=(10)
cfn=(10)
calls=1 0
0 220
cfl=(2)
cfn=(2)
calls=1 0
0 169

fl=(10)
fn=(10)
4396 49
cfl=(19)
cfn=(19)
calls=1 0
0 47
cfl=(16)
cfn=(16)
calls=1 0
0 26
cfl=(15)
cfn=(15)
calls=1 0
0 5
cfl=(13)
cfn=(13)
calls=1 0
0 80
cfl=(12)
cfn=(12)
calls=3 0
0 10
cfl=(11)
cfn=(11)
calls=1 0
0 3

fl=(20)
fn=(20)
180 14
cfl=(24)
cfn=(24)
calls=1 0
0 14
cfl=(21)
cfn=(21)
calls=1 0
0 158

fl=(2)
fn=(2)
25 98
cfl=(9)
cfn=(9)
calls=1 0
0 10
cfl=(8)
cfn=(8)
calls=1 0
0 14
cfl=(7)
cfn=(7)
calls=1 0
0 9
cfl=(5)
cfn=(5)
calls=2 0
0 29
cfl=(3)
cfn=(3)
calls=1 0
0 10

fl=(21)
fn=(21)
234 14
cfl=(22)
cfn=(22)
calls=3 0
0 143

fl=(22)
fn=(22)
61 78
cfl=(23)
cfn=(23)
calls=3 0
0 10
cfl=(11)
cfn=(11)
calls=9 0
0 27
cfl=(5)
cfn=(5)
calls=3 0
0 28

fl=(5)
fn=(5)
534 51
cfl=(6)
cfn=(6)
calls=8 0
0 36

fl=(13)
fn=(13)
4513 29
cfl=(14)
cfn=(14)
calls=3 0
0 21
cfl=(5)
cfn=(5)
calls=3 0
0 29

fl=(19)
fn=(19)
4533 47

fl=(6)
fn=(6)
0 36

fl=(25)
fn=(25)
0 29

fl=(11)
fn=(11)
0 29

fl=(14)
fn=(14)
0 26

fl=(16)
fn=(16)
150 13
cfl=(18)
cfn=(18)
calls=1 0
0 7
cfl=(17)
cfn=(17)
calls=1 0
0 6

fl=(24)
fn=(24)
0 14

fl=(8)
fn=(8)
0 14

fl=(12)
fn=(12)
0 10

fl=(3)
fn=(3)
13 6
cfl=(4)
cfn=(4)
calls=1 0
0 4

fl=(23)
fn=(23)
0 10

fl=(9)
fn=(9)
0 10

fl=(7)
fn=(7)
0 9

fl=(0)
fn=(0)
0 8

fl=(18)
fn=(18)
0 7

fl=(17)
fn=(17)
0 6

fl=(15)
fn=(15)
4516 5

fl=(4)
fn=(4)
0 4