2018-01-31 23:16:02,905 - L: 1000
N: 3430
m: 39.948
T: 200
k: 8.617e-05
dt: 10
theoretical std: 0.020770431725997164
std: 0.020570501042628028
K.E: 0.025355054224671797
most probable Speed: 0.02887842837316119
theoretical most probable speed: 0.029091081559294452
theoretical mean K.E: 0.025851
2018-01-31 23:16:20,977 - L: 1000
N: 3430
m: 39.948
T: 200
k: 8.617e-05
dt: 10
theoretical std: 0.020770431725997164
std: 0.02063207856689046
K.E: 0.025503870667919135
most probable Speed: 0.02949436071350057
theoretical most probable speed: 0.029178165329243742
theoretical mean K.E: 0.025851
2018-01-31 23:19:37,732 - L: 1000
N: 343
m: 39.948
T: 200
k: 8.617e-05
dt: 10
theoretical std: 0.020770431725997164
std: 0.021113623920831964
K.E: 0.026711030478306513
most probable Speed: 0.029478070994023678
theoretical most probable speed: 0.029859173299685567
theoretical mean K.E: 0.025851
2018-02-01 00:53:46,923 - 
L: 1000
N: 343
m: 39.948
T: 200
k: 8.617e-05
dt: 10
theoretical std: 0.020770431725997164
std: 0.020856073874220428
K.E: 0.02606090487800766
most probable Speed: 0.0291190979350756
theoretical most probable speed: 0.02949494253077771
theoretical mean K.E: 0.025851
2018-02-01 00:57:32,310 - 
L: 1000
N: 343
m: 39.948
T: 2000
k: 8.617e-05
dt: 10
theoretical std: 0.06568187223917339
std: 0.0668580551579169
K.E: 0.26775848166573163
most probable Speed: 0.09548223308913958
theoretical most probable speed: 0.09455156835821454
theoretical mean K.E: 0.25851
2018-02-01 01:18:41,800 - 
L: 1000
N: 343
m: 39.948
T: 2000
k: 8.617e-05
dt: 10
theoretical std: 0.06568187223917339
std: 0.06727436914324161
K.E: 0.271181644729349
most probable Speed: 0.09547991235887508
theoretical most probable speed: 0.09514032524246635
theoretical mean K.E: 0.25851
2018-02-01 01:18:55,798 - 
L: 1000
N: 343
m: 39.948
T: 200
k: 8.617e-05
dt: 10
theoretical std: 0.020770431725997164
std: 0.020541966574262882
K.E: 0.02536506982925571
most probable Speed: 0.02870068174202479
theoretical most probable speed: 0.029050727727137356
theoretical mean K.E: 0.025851
2018-02-06 13:48:48,016 - 
L: 1000
N: 343
m: 39.948
T: 200
k: 8.617e-05
dt: 10
theoretical std: 0.020770431725997164
2018-02-06 13:50:23,225 - 
L: 1000
N: 343
m: 39.948
T: 200
k: 8.617e-05
dt: 10
theoretical std: 0.020770431725997164
std: 0.020925644190527042
K.E: 0.026229515581625205
most probable Speed: 0.029254020424966585
theoretical most probable speed: 0.02959332981563711
theoretical mean K.E: 0.025851
2018-03-05 15:52:29,808 - 
L: 1000
N: 343
m: 39.948
T: 200
k: 8.617e-05
dt: 10
theoretical std: 0.020770431725997164
t: 10000
steps: 1000
