2018-03-16 16:41:49,654 - 
m: 12.0107
N: 30
T: 10
dt: 0.05
steps: 2000
t: 100.0
L: 4.853497174299927
dl: 0.2426748587149964
count: 2000

2018-03-16 16:44:48,680 - 
m: 12.0107
N: 30
T: 10
dt: 0.05
steps: 2000
t: 100.0
L: 8.824540316908958
dl: 0.44122701584544793
count: 0

2018-03-16 16:47:41,874 - duration : 173.1932671070099
2018-03-16 16:49:43,554 - 
m: 12.0107
N: 30
T: 10
dt: 0.02
steps: 2000
t: 40.0
L: 8.824540316908958
dl: 0.44122701584544793
count: 0

2018-03-16 16:52:15,368 - duration : 151.81372714042664
2018-03-16 16:52:29,974 - 
m: 12.0107
N: 30
T: 10
dt: 0.02
steps: 2000
t: 40.0
L: 8.824540316908958
dl: 0.44122701584544793
count: 0

2018-03-16 16:52:38,197 - 
m: 12.0107
N: 30
T: 10
dt: 0.02
steps: 2000
t: 40.0
L: 8.824540316908958
dl: 0.44122701584544793
count: 2000

2018-03-16 16:53:33,940 - 
m: 12.0107
N: 30
T: 10
dt: 0.02
steps: 5000
t: 140.0
L: 8.824540316908958
dl: 0.44122701584544793
count: 2000

2018-03-16 17:00:39,713 - duration : 425.77251291275024
2018-03-16 17:01:43,247 - 
m: 12.0107
N: 30
T: 10
dt: 0.02
steps: 5000
t: 140.0
L: 8.824540316908958
dl: 0.44122701584544793
count: 7000

2018-03-16 17:47:35,325 - 
m: 12.0107
N: 30
T: 10
dt: 0.02
steps: 5000
t: 240.0
L: 8.824540316908958
dl: 0.44122701584544793
count: 7000

2018-03-16 22:08:42,346 - 
m: 12.0107
N: 30
T: 10
dt: 0.02
steps: 5000
t: 240.0
L: 8.824540316908958
dl: 0.44122701584544793
count: 7000

2018-03-16 22:09:25,861 - 
m: 12.0107
N: 30
T: 10
dt: 0.02
steps: 2000
t: 40.0
L: 8.824540316908958
dl: 0.44122701584544793
count: 0

2018-03-16 22:11:53,863 - duration : 148.00185799598694
2018-03-16 22:12:12,838 - 
m: 12.0107
N: 30
T: 10
dt: 0.02
steps: 2000
t: 40.0
L: 8.824540316908958
dl: 0.44122701584544793
count: 2000

2018-03-16 22:14:23,638 - 
m: 12.0107
N: 100
T: 10
dt: 0.02
steps: 4000
t: 80.0
L: 13.18211228746029
dl: 0.6591056143730145
count: 0

2018-03-16 22:29:11,055 - duration : 887.415943145752
2018-03-16 22:29:27,255 - 
m: 12.0107
N: 100
T: 10
dt: 0.02
steps: 4000
t: 80.0
L: 13.18211228746029
dl: 0.6591056143730145
count: 4000

2018-03-16 22:30:53,716 - 
m: 12.0107
N: 30
T: 10
dt: 0.05
steps: 4000
t: 200.0
L: 22.061350792272396
dl: 1.1030675396136198
count: 0

2018-03-16 22:37:29,576 - duration : 395.8599979877472
2018-03-16 22:37:50,585 - 
m: 12.0107
N: 30
T: 10
dt: 0.05
steps: 4000
t: 200.0
L: 22.061350792272396
dl: 1.1030675396136198
count: 4000

2018-03-16 22:38:52,681 - 
m: 12.0107
N: 30
T: 10
dt: 0.05
steps: 4000
t: 400.0
L: 22.061350792272396
dl: 1.1030675396136198
count: 4000

2018-03-16 22:45:12,724 - duration : 380.0424950122833
2018-03-16 22:46:03,077 - 
m: 12.0107
N: 30
T: 10
dt: 0.05
steps: 4000
t: 400.0
L: 22.061350792272396
dl: 1.1030675396136198
count: 8000

2018-03-16 22:49:29,186 - 
m: 12.0107
N: 5
T: 10
dt: 0.05
steps: 4000
t: 200.0
L: 7.284497532842728
dl: 0.36422487664213643
count: 0

2018-03-16 22:50:41,317 - duration : 72.13053226470947
2018-03-16 22:51:24,583 - 
m: 12.0107
N: 5
T: 10
dt: 0.05
steps: 4000
t: 200.0
L: 7.284497532842728
dl: 0.36422487664213643
count: 4000

2018-03-16 22:52:17,457 - 
m: 12.0107
N: 5
T: 10
dt: 0.05
steps: 10000
t: 700.0
L: 7.284497532842728
dl: 0.36422487664213643
count: 4000

2018-03-16 22:55:10,376 - duration : 172.91844296455383
2018-03-16 22:55:19,784 - 
m: 12.0107
N: 5
T: 10
dt: 0.05
steps: 10000
t: 700.0
L: 7.284497532842728
dl: 0.36422487664213643
count: 14000

2018-03-16 22:58:09,547 - 
m: 12.0107
N: 5
T: 10
dt: 0.05
steps: 10000
t: 1200.0
L: 7.284497532842728
dl: 0.36422487664213643
count: 14000

2018-03-16 23:01:06,833 - duration : 177.2851161956787
2018-03-16 23:03:55,117 - 
m: 12.0107
N: 5
T: 10
dt: 0.02
steps: 10000
t: 200.0
L: 7.284497532842728
dl: 0.36422487664213643
count: 0

2018-03-16 23:06:59,145 - duration : 184.02737498283386
2018-03-16 23:07:04,049 - 
m: 12.0107
N: 5
T: 10
dt: 0.02
steps: 10000
t: 200.0
L: 7.284497532842728
dl: 0.36422487664213643
count: 10000

2018-03-16 23:07:43,337 - 
m: 12.0107
N: 5
T: 10
dt: 0.02
steps: 10000
t: 400.0
L: 7.284497532842728
dl: 0.36422487664213643
count: 10000

2018-03-16 23:09:53,414 - duration : 130.0770778656006
2018-03-16 23:09:58,965 - 
m: 12.0107
N: 5
T: 10
dt: 0.02
steps: 10000
t: 400.0
L: 7.284497532842728
dl: 0.36422487664213643
count: 20000

2018-03-16 23:16:35,495 - 
m: 12.0107
N: 5
T: 10
dt: 0.002
steps: 20000
t: 40.0
L: 9.525649584149104
dl: 0.4762824792074552
count: 0

2018-03-16 23:22:02,156 - duration : 326.66060996055603
2018-03-18 15:10:14,517 - 
m: 12.0107
N: 10
T: 10
dt: 0.002
steps: 20000
t: 40.0
L: 13.471302832317296
dl: 0.6735651416158648
count: 0

2018-03-18 15:18:49,639 - duration : 515.1217379570007
2018-03-18 15:19:52,610 - 
m: 12.0107
N: 10
T: 10
dt: 0.002
steps: 20000
t: 40.0
L: 13.471302832317296
dl: 0.6735651416158648
count: 20000

2018-03-18 15:20:44,938 - 
m: 12.0107
N: 10
T: 10
dt: 0.002
steps: 20000
t: 40.0
L: 4.5889458897679125
dl: 0.22944729448839563
count: 0

2018-03-18 15:26:52,720 - duration : 367.7818560600281
2018-03-18 15:28:03,270 - 
m: 12.0107
N: 10
T: 10
dt: 0.002
steps: 20000
t: 40.0
L: 4.5889458897679125
dl: 0.22944729448839563
count: 20000

2018-03-18 15:28:58,627 - 
m: 12.0107
N: 10
T: 10
dt: 0.002
steps: 20000
t: 40.0
L: 4.5889458897679125
dl: 0.22944729448839563
count: 0

2018-03-18 15:37:10,306 - duration : 491.6779909133911
2018-03-18 15:37:16,080 - 
m: 12.0107
N: 10
T: 10
dt: 0.002
steps: 20000
t: 40.0
L: 4.5889458897679125
dl: 0.22944729448839563
count: 20000

2018-03-18 15:38:39,453 - 
m: 12.0107
N: 10
T: 10
dt: 0.01
steps: 2000
t: 20.0
L: 4.5889458897679125
dl: 0.22944729448839563
count: 0

2018-03-18 15:39:30,524 - duration : 51.07087016105652
2018-03-18 15:39:32,861 - 
m: 12.0107
N: 10
T: 10
dt: 0.01
steps: 2000
t: 20.0
L: 4.5889458897679125
dl: 0.22944729448839563
count: 2000

2018-03-18 15:40:04,810 - 
m: 12.0107
N: 10
T: 100
dt: 0.01
steps: 2000
t: 20.0
L: 4.5889458897679125
dl: 0.22944729448839563
count: 0

2018-03-18 15:40:45,735 - duration : 40.924991846084595
2018-03-18 15:40:48,853 - 
m: 12.0107
N: 10
T: 100
dt: 0.01
steps: 2000
t: 20.0
L: 4.5889458897679125
dl: 0.22944729448839563
count: 2000

2018-03-18 15:41:40,597 - 
m: 12.0107
N: 10
T: 200
dt: 0.01
steps: 2000
t: 20.0
L: 4.5889458897679125
dl: 0.22944729448839563
count: 0

2018-03-18 15:42:21,299 - duration : 40.701536893844604
2018-03-18 15:42:23,392 - 
m: 12.0107
N: 10
T: 200
dt: 0.01
steps: 2000
t: 20.0
L: 4.5889458897679125
dl: 0.22944729448839563
count: 2000

2018-03-18 15:43:14,649 - 
m: 12.0107
N: 50
T: 200
dt: 0.01
steps: 2000
t: 20.0
L: 7.846987092104023
dl: 0.39234935460520115
count: 0

2018-03-18 15:46:21,935 - duration : 187.2854368686676
2018-03-18 15:47:19,155 - 
m: 12.0107
N: 50
T: 200
dt: 0.01
steps: 2000
t: 20.0
L: 7.846987092104023
dl: 0.39234935460520115
count: 2000

2018-03-18 15:48:39,441 - 
m: 12.0107
N: 50
T: 200
dt: 0.01
steps: 2000
t: 20.0
L: 7.846987092104023
dl: 0.39234935460520115
count: 0

2018-03-18 15:51:44,165 - duration : 184.72350573539734
2018-03-18 15:51:50,438 - 
m: 12.0107
N: 50
T: 200
dt: 0.01
steps: 2000
t: 20.0
L: 7.846987092104023
dl: 0.39234935460520115
count: 2000

2018-03-18 15:52:50,326 - 
m: 12.0107
N: 50
T: 200
dt: 0.01
steps: 2000
t: 20.0
L: 5.231324728069349
dl: 0.26156623640346743
count: 0

2018-03-18 15:56:48,196 - duration : 237.8690309524536
2018-03-18 15:57:24,834 - 
m: 12.0107
N: 50
T: 200
dt: 0.01
steps: 2000
t: 20.0
L: 5.231324728069349
dl: 0.26156623640346743
count: 2000

2018-03-18 15:59:01,760 - 
m: 12.0107
N: 50
T: 200
dt: 0.01
steps: 2000
t: 40.0
L: 5.231324728069349
dl: 0.26156623640346743
count: 2000

2018-03-18 16:03:03,050 - duration : 241.28965306282043
2018-03-18 16:03:12,376 - 
m: 12.0107
N: 50
T: 200
dt: 0.01
steps: 2000
t: 40.0
L: 5.231324728069349
dl: 0.26156623640346743
count: 4000

2018-03-18 16:03:55,950 - 
m: 12.0107
N: 50
T: 200
dt: 0.01
steps: 2000
t: 60.0
L: 5.231324728069349
dl: 0.26156623640346743
count: 4000

2018-03-18 16:07:51,838 - duration : 235.88715195655823
2018-03-18 16:08:06,939 - 
m: 12.0107
N: 50
T: 200
dt: 0.01
steps: 2000
t: 60.0
L: 5.231324728069349
dl: 0.26156623640346743
count: 6000

2018-03-18 16:09:48,536 - 
m: 12.0107
N: 50
T: 200
dt: 0.01
steps: 2000
t: 80.0
L: 5.231324728069349
dl: 0.26156623640346743
count: 6000

2018-03-18 16:13:43,548 - duration : 235.01201701164246
2018-03-18 16:14:00,317 - 
m: 12.0107
N: 50
T: 200
dt: 0.01
steps: 2000
t: 80.0
L: 5.231324728069349
dl: 0.26156623640346743
count: 8000

2018-03-18 16:19:28,585 - 
m: 12.0107
N: 50
T: 200
dt: 0.01
steps: 2000
t: 20.0
L: 5.231324728069349
dl: 0.26156623640346743
count: 0

2018-03-18 16:23:20,799 - duration : 232.2123839855194
2018-03-18 16:24:00,606 - 
m: 12.0107
N: 50
T: 200
dt: 0.01
steps: 2000
t: 20.0
L: 5.231324728069349
dl: 0.26156623640346743
count: 2000

2018-03-18 16:26:22,494 - 
m: 12.0107
N: 50
T: 200
dt: 0.01
steps: 2000
t: 20.0
L: 5.231324728069349
dl: 0.26156623640346743
count: 0

2018-03-18 16:30:19,832 - duration : 237.33737802505493
2018-03-18 16:31:08,900 - 
m: 12.0107
N: 50
T: 200
dt: 0.01
steps: 2000
t: 20.0
L: 5.231324728069349
dl: 0.26156623640346743
count: 2000

2018-03-18 16:36:48,514 - 
m: 12.0107
N: 100
T: 200
dt: 0.01
steps: 6000
t: 60.0
L: 6.591056143730145
dl: 0.32955280718650726
count: 0

2018-03-18 17:00:54,778 - duration : 1446.2634828090668
2018-03-18 17:01:39,271 - 
m: 12.0107
N: 100
T: 200
dt: 0.01
steps: 6000
t: 60.0
L: 6.591056143730145
dl: 0.32955280718650726
count: 6000

2018-03-18 17:02:53,159 - 
m: 12.0107
N: 100
T: 200
dt: 0.01
steps: 2000
t: 20.0
L: 6.591056143730145
dl: 0.32955280718650726
count: 0

2018-03-18 17:11:03,630 - duration : 490.47025895118713
2018-03-18 17:11:30,291 - 
m: 12.0107
N: 100
T: 200
dt: 0.01
steps: 2000
t: 20.0
L: 6.591056143730145
dl: 0.32955280718650726
count: 2000

2018-03-18 21:20:07,908 - 
m: 12.0107
N: 100
T: 200
dt: 0.01
steps: 2000
t: 20.0
L: 6.591056143730145
dl: 0.32955280718650726
count: 0

2018-03-18 21:22:41,077 - 
m: 12.0107
N: 100
T: 200
dt: 0.01
steps: 2000
t: 20.0
L: 6.591056143730145
dl: 0.32955280718650726
count: 0

2018-03-18 21:30:07,493 - duration : 446.4149160385132
2018-03-18 21:37:20,652 - 
m: 12.0107
N: 100
T: 200
dt: 0.01
steps: 2000
t: 20.0
L: 6.591056143730145
dl: 0.32955280718650726
count: 2000

2018-03-19 01:46:05,881 - 
m: 12.0107
N: 100
T: 200
dt: 0.01
steps: 2000
t: 40.0
L: 6.591056143730145
dl: 0.32955280718650726
count: 2000

2018-03-19 01:48:29,014 - 
m: 12.0107
N: 100
T: 200
dt: 0.01
steps: 2000
t: 60.0
L: 6.591056143730145
dl: 0.32955280718650726
count: 2000

2018-03-19 01:50:29,204 - 
m: 12.0107
N: 100
T: 200
dt: 0.01
steps: 2000
t: 80.0
L: 6.591056143730145
dl: 0.32955280718650726
count: 2000

2018-03-19 01:55:09,914 - 
m: 12.0107
N: 100
T: 200
dt: 0.01
steps: 2000
t: 100.0
L: 6.591056143730145
dl: 0.32955280718650726
count: 2000

2018-03-19 01:55:48,167 - 
m: 12.0107
N: 100
T: 200
dt: 0.01
steps: 2000
t: 120.0
L: 6.591056143730145
dl: 0.32955280718650726
count: 2000

2018-03-19 01:55:49,932 - duration : 1.7641983032226562
2018-03-19 02:01:51,018 - 
m: 12.0107
N: 100
T: 200
dt: 0.01
steps: 2000
t: 140.0
L: 6.591056143730145
dl: 0.32955280718650726
count: 4000

2018-03-19 02:01:52,885 - duration : 1.8667230606079102
2018-03-19 02:02:25,732 - 
m: 12.0107
N: 100
T: 200
dt: 0.01
steps: 2000
t: 20.0
L: 6.591056143730145
dl: 0.32955280718650726
count: 0

2018-03-19 02:02:27,556 - duration : 1.823436975479126
2018-03-19 02:02:41,595 - 
m: 12.0107
N: 100
T: 200
dt: 0.01
steps: 2000
t: 20.0
L: 6.591056143730145
dl: 0.32955280718650726
count: 2000

2018-03-19 02:04:10,415 - 
m: 12.0107
N: 100
T: 200
dt: 0.01
steps: 2000
t: 20.0
L: 6.591056143730145
dl: 0.32955280718650726
count: 0

2018-03-19 02:04:12,229 - duration : 1.8139688968658447
2018-03-19 02:05:31,402 - 
m: 12.0107
N: 100
T: 200
dt: 0.01
steps: 2000
t: 20.0
L: 6.591056143730145
dl: 0.32955280718650726
count: 0

2018-03-19 02:05:33,156 - duration : 1.7542011737823486
2018-03-19 02:05:41,088 - diff parser start
2018-03-19 02:05:41,088 - diff parser calculated
2018-03-19 02:05:41,089 - diff: line_lengths old: 1, new: 1
2018-03-19 02:05:41,089 - diff replace old[1:1] new[1:1]
2018-03-19 02:05:41,089 - parse_part from 1 to 1 (to 0 in part parser)
2018-03-19 02:05:41,089 - diff parser end
2018-03-19 02:05:50,143 - diff parser start
2018-03-19 02:05:50,143 - diff parser calculated
2018-03-19 02:05:50,144 - diff: line_lengths old: 1, new: 1
2018-03-19 02:05:50,144 - diff replace old[1:1] new[1:1]
2018-03-19 02:05:50,144 - parse_part from 1 to 1 (to 0 in part parser)
2018-03-19 02:05:50,144 - diff parser end
2018-03-19 02:06:16,342 - diff parser start
2018-03-19 02:06:16,342 - diff parser calculated
2018-03-19 02:06:16,342 - diff: line_lengths old: 1, new: 1
2018-03-19 02:06:16,342 - diff replace old[1:1] new[1:1]
2018-03-19 02:06:16,342 - parse_part from 1 to 1 (to 0 in part parser)
2018-03-19 02:06:16,343 - diff parser end
2018-03-19 02:06:20,882 - 
m: 12.0107
N: 100
T: 200
dt: 0.01
steps: 2000
t: 20.0
L: 6.591056143730145
dl: 0.32955280718650726
count: 0

2018-03-19 02:06:22,653 - duration : 1.7709648609161377
2018-03-19 02:08:59,677 - 
m: 12.0107
N: 100
T: 200
dt: 0.01
steps: 2000
t: 20.0
L: 6.591056143730145
dl: 0.32955280718650726
count: 0

2018-03-19 02:10:14,143 - 
m: 12.0107
N: 100
T: 200
dt: 0.01
steps: 2000
t: 20.0
L: 6.591056143730145
dl: 0.32955280718650726
count: 0

2018-03-19 02:14:45,964 - 
m: 12.0107
N: 100
T: 200
dt: 0.01
steps: 2000
t: 20.0
L: 6.591056143730145
dl: 0.32955280718650726
count: 0

2018-03-19 02:15:20,282 - duration : 34.31746506690979
2018-03-19 02:15:23,491 - 
m: 12.0107
N: 100
T: 200
dt: 0.01
steps: 2000
t: 20.0
L: 6.591056143730145
dl: 0.32955280718650726
count: 2000

2018-03-19 02:16:10,613 - 
m: 12.0107
N: 100
T: 200
dt: 0.01
steps: 4000
t: 40.0
L: 6.591056143730145
dl: 0.32955280718650726
count: 0

2018-03-19 02:17:12,631 - duration : 62.017313957214355
2018-03-19 02:17:19,088 - 
m: 12.0107
N: 100
T: 200
dt: 0.01
steps: 4000
t: 40.0
L: 6.591056143730145
dl: 0.32955280718650726
count: 4000

2018-03-19 02:18:35,574 - 
m: 12.0107
N: 100
T: 200
dt: 0.01
steps: 2000
t: 20.0
L: 6.591056143730145
dl: 0.32955280718650726
count: 0

2018-03-19 02:19:09,734 - duration : 34.15953493118286
2018-03-19 02:19:34,103 - 
m: 12.0107
N: 100
T: 200
dt: 0.01
steps: 2000
t: 20.0
L: 6.591056143730145
dl: 0.32955280718650726
count: 2000

2018-03-19 02:20:04,617 - 
m: 12.0107
N: 100
T: 200
dt: 0.01
steps: 4000
t: 40.0
L: 6.591056143730145
dl: 0.32955280718650726
count: 0

2018-03-19 02:20:57,535 - duration : 52.918256998062134
2018-03-19 02:21:05,181 - 
m: 12.0107
N: 100
T: 200
dt: 0.01
steps: 4000
t: 40.0
L: 6.591056143730145
dl: 0.32955280718650726
count: 4000

2018-03-19 02:21:30,598 - 
m: 12.0107
N: 100
T: 200
dt: 0.01
steps: 2000
t: 20.0
L: 6.591056143730145
dl: 0.32955280718650726
count: 0

2018-03-19 02:21:57,329 - duration : 26.73028826713562
2018-03-19 02:23:46,165 - 
m: 12.0107
N: 100
T: 200
dt: 0.01
steps: 2000
t: 20.0
L: 6.591056143730145
dl: 0.32955280718650726
count: 2000

2018-03-19 03:06:30,613 - 
m: 12.0107
N: 100
T: 200
dt: 0.01
steps: 2000
t: 20.0
L: 6.591056143730145
dl: 0.32955280718650726
count: 0

2018-03-19 03:08:19,785 - 
m: 12.0107
N: 100
T: 200
dt: 0.01
steps: 2000
t: 20.0
L: 6.591056143730145
dl: 0.32955280718650726
count: 0

2018-03-19 10:09:20,851 - 
m: 12.0107
N: 100
T: 200
dt: 0.01
steps: 2000
t: 20.0
L: 6.591056143730145
dl: 0.32955280718650726
count: 0

2018-03-19 10:10:18,081 - duration : 57.22932505607605
2018-03-19 10:10:25,555 - 
m: 12.0107
N: 100
T: 200
dt: 0.01
steps: 2000
t: 20.0
L: 6.591056143730145
dl: 0.32955280718650726
count: 2000

2018-03-19 10:10:53,909 - 
m: 12.0107
N: 100
T: 200
dt: 0.01
steps: 2000
t: 20.0
L: 6.591056143730145
dl: 0.32955280718650726
count: 0

2018-03-19 10:11:43,444 - duration : 49.53504467010498
2018-03-19 10:11:48,987 - 
m: 12.0107
N: 100
T: 200
dt: 0.01
steps: 2000
t: 20.0
L: 6.591056143730145
dl: 0.32955280718650726
count: 2000

2018-03-19 10:12:42,044 - 
m: 12.0107
N: 100
T: 200
dt: 0.01
steps: 4000
t: 40.0
L: 6.591056143730145
dl: 0.32955280718650726
count: 0

2018-03-19 10:14:19,698 - duration : 97.6543459892273
2018-03-19 10:14:25,167 - 
m: 12.0107
N: 100
T: 200
dt: 0.01
steps: 4000
t: 40.0
L: 6.591056143730145
dl: 0.32955280718650726
count: 4000

2018-03-19 10:14:57,032 - 
m: 12.0107
N: 100
T: 200
dt: 0.01
steps: 1000
t: 10.0
L: 6.591056143730145
dl: 0.32955280718650726
count: 0

2018-03-19 10:15:21,968 - duration : 24.935540914535522
2018-03-19 10:15:29,937 - 
m: 12.0107
N: 100
T: 200
dt: 0.01
steps: 1000
t: 10.0
L: 6.591056143730145
dl: 0.32955280718650726
count: 1000

2018-03-19 10:15:54,060 - 
m: 12.0107
N: 100
T: 200
dt: 0.01
steps: 2000
t: 20.0
L: 6.591056143730145
dl: 0.32955280718650726
count: 0

2018-03-19 10:16:44,780 - duration : 50.719987869262695
2018-03-19 10:16:53,891 - 
m: 12.0107
N: 100
T: 200
dt: 0.01
steps: 2000
t: 20.0
L: 6.591056143730145
dl: 0.32955280718650726
count: 2000

2018-03-19 10:21:30,997 - 
m: 12.0107
N: 100
T: 200
dt: 0.01
steps: 2000
t: 20.0
L: 6.591056143730145
dl: 0.32955280718650726
count: 2000

2018-03-19 10:26:24,202 - 
m: 12.0107
N: 1000
T: 200
dt: 0.01
steps: 6000
t: 60.0
L: 6.6
dl: 0.33
count: 0

2018-03-19 10:27:19,167 - 
m: 12.0107
N: 1000
T: 200
dt: 0.01
steps: 6000
t: 60.0
L: 6.6
dl: 0.33
count: 0

2018-03-19 10:29:10,823 - 
m: 12.0107
N: 1000
T: 200
dt: 0.01
steps: 6000
t: 60.0
L: 15.179999999999998
dl: 0.7589999999999999
count: 0

2018-03-19 10:52:38,619 - duration : 1407.7959451675415
2018-03-19 10:53:05,708 - 
m: 12.0107
N: 1000
T: 200
dt: 0.01
steps: 6000
t: 60.0
L: 15.179999999999998
dl: 0.7589999999999999
count: 6000

2018-03-19 10:54:57,122 - 
m: 12.0107
N: 1000
T: 200
dt: 0.01
steps: 1000
t: 10.0
L: 15.179999999999998
dl: 0.7589999999999999
count: 0

2018-03-19 10:58:56,146 - duration : 239.023530960083
2018-03-19 10:59:00,717 - 
m: 12.0107
N: 1000
T: 200
dt: 0.01
steps: 1000
t: 10.0
L: 15.179999999999998
dl: 0.7589999999999999
count: 1000

2018-03-19 11:01:34,017 - 
m: 12.0107
N: 1000
T: 400
dt: 0.01
steps: 1000
t: 10.0
L: 15.179999999999998
dl: 0.7589999999999999
count: 0

2018-03-19 11:05:57,078 - duration : 263.05980014801025
2018-03-19 11:07:31,992 - 
m: 12.0107
N: 1000
T: 400
dt: 0.01
steps: 1000
t: 10.0
L: 15.179999999999998
dl: 0.7589999999999999
count: 1000

2018-03-19 11:12:55,202 - 
m: 12.0107
N: 1000
T: 300
dt: 0.01
steps: 2000
t: 20.0
L: 14.199999999999998
dl: 0.71
count: 0

2018-03-19 11:22:29,257 - duration : 574.054092168808
2018-03-19 11:22:35,375 - 
m: 12.0107
N: 1000
T: 300
dt: 0.01
steps: 2000
t: 20.0
L: 14.199999999999998
dl: 0.71
count: 2000

2018-03-19 11:28:03,639 - 
m: 12.0107
N: 1000
T: 300
dt: 0.01
steps: 2000
t: 20.0
L: 14.199999999999998
dl: 0.71
count: 0

2018-03-19 11:36:56,315 - duration : 532.6750731468201
2018-03-19 11:37:17,945 - 
m: 12.0107
N: 1000
T: 300
dt: 0.01
steps: 2000
t: 20.0
L: 14.199999999999998
dl: 0.71
count: 2000

2018-03-19 11:39:36,965 - 
m: 12.0107
N: 1000
T: 300
dt: 0.01
steps: 1000
t: 10.0
L: 14.199999999999998
dl: 0.71
count: 0

2018-03-19 11:44:04,722 - duration : 267.7558469772339
2018-03-19 11:44:12,720 - 
m: 12.0107
N: 1000
T: 300
dt: 0.01
steps: 1000
t: 10.0
L: 14.199999999999998
dl: 0.71
count: 1000

2018-03-19 11:44:50,828 - 
m: 12.0107
N: 1000
T: 300
dt: 0.01
steps: 1000
t: 10.0
L: 14.199999999999998
dl: 0.71
count: 0

2018-03-19 11:48:58,174 - duration : 247.3456790447235
2018-03-19 11:49:04,243 - 
m: 12.0107
N: 1000
T: 300
dt: 0.01
steps: 1000
t: 10.0
L: 14.199999999999998
dl: 0.71
count: 1000

2018-03-19 11:58:33,519 - 
m: 12.0107
N: 100
T: 200
dt: 0.01
steps: 2000
t: 20.0
L: 14.199999999999998
dl: 0.71
count: 0

2018-03-19 11:58:51,845 - duration : 18.32567000389099
2018-03-19 11:59:16,615 - 
m: 12.0107
N: 100
T: 200
dt: 0.01
steps: 2000
t: 20.0
L: 14.199999999999998
dl: 0.71
count: 2000

2018-03-19 12:00:08,871 - 
m: 12.0107
N: 100
T: 200
dt: 0.01
steps: 2000
t: 20.0
L: 6.591056143730145
dl: 0.32955280718650726
count: 0

2018-03-19 12:01:00,266 - duration : 51.39417338371277
2018-03-19 12:01:25,668 - 
m: 12.0107
N: 100
T: 200
dt: 0.01
steps: 2000
t: 20.0
L: 6.591056143730145
dl: 0.32955280718650726
count: 2000

2018-03-19 12:02:14,301 - 
m: 12.0107
N: 100
T: 200
dt: 0.01
steps: 2000
t: 20.0
L: 6.591056143730145
dl: 0.32955280718650726
count: 0

2018-03-19 12:02:45,628 - duration : 31.32644772529602
2018-03-19 12:02:51,976 - 
m: 12.0107
N: 100
T: 200
dt: 0.01
steps: 2000
t: 20.0
L: 6.591056143730145
dl: 0.32955280718650726
count: 2000

2018-03-19 12:03:31,124 - 
m: 12.0107
N: 100
T: 200
dt: 0.01
steps: 2000
t: 20.0
L: 6.591056143730145
dl: 0.32955280718650726
count: 0

2018-03-19 12:03:57,047 - duration : 25.923068284988403
2018-03-19 12:04:01,927 - 
m: 12.0107
N: 100
T: 200
dt: 0.01
steps: 2000
t: 20.0
L: 6.591056143730145
dl: 0.32955280718650726
count: 2000

2018-03-19 12:04:23,929 - 
m: 12.0107
N: 100
T: 200
dt: 0.01
steps: 4000
t: 40.0
L: 6.591056143730145
dl: 0.32955280718650726
count: 0

2018-03-19 12:05:16,852 - duration : 52.92254400253296
2018-03-19 12:05:47,825 - 
m: 12.0107
N: 100
T: 200
dt: 0.01
steps: 4000
t: 40.0
L: 6.591056143730145
dl: 0.32955280718650726
count: 4000

2018-03-19 12:06:28,302 - 
m: 12.0107
N: 100
T: 200
dt: 0.01
steps: 4000
t: 40.0
L: 6.591056143730145
dl: 0.32955280718650726
count: 0

2018-03-19 12:07:19,212 - duration : 50.908912897109985
2018-03-19 12:07:23,339 - 
m: 12.0107
N: 100
T: 200
dt: 0.01
steps: 4000
t: 40.0
L: 6.591056143730145
dl: 0.32955280718650726
count: 4000

2018-03-19 12:09:27,819 - 
m: 12.0107
N: 200
T: 200
dt: 0.01
steps: 6000
t: 60.0
L: 6.591056143730145
dl: 0.32955280718650726
count: 0

2018-03-19 12:13:22,291 - duration : 234.47156310081482
2018-03-19 12:13:29,236 - 
m: 12.0107
N: 200
T: 200
dt: 0.01
steps: 6000
t: 60.0
L: 6.591056143730145
dl: 0.32955280718650726
count: 6000

2018-03-19 12:14:28,607 - 
m: 12.0107
N: 200
T: 200
dt: 0.01
steps: 2000
t: 20.0
L: 6.591056143730145
dl: 0.32955280718650726
count: 0

2018-03-19 12:15:36,970 - duration : 68.36277508735657
2018-03-19 12:16:03,408 - 
m: 12.0107
N: 200
T: 200
dt: 0.01
steps: 2000
t: 20.0
L: 6.591056143730145
dl: 0.32955280718650726
count: 2000

2018-03-19 12:27:10,574 - 
m: 12.0107
N: 200
T: 200
dt: 0.01
steps: 2000
t: 40.0
L: 6.591056143730145
dl: 0.32955280718650726
count: 2000

2018-03-19 12:28:11,628 - duration : 61.0534610748291
2018-03-19 12:28:13,671 - 
m: 12.0107
N: 200
T: 200
dt: 0.01
steps: 2000
t: 40.0
L: 6.591056143730145
dl: 0.32955280718650726
count: 4000

2018-03-19 12:33:55,712 - 
m: 12.0107
N: 1000
T: 200
dt: 0.01
steps: 2000
t: 20.0
L: 14.199999999999998
dl: 0.71
count: 0

