2018-01-31 23:16:02,905 - L: 1000
N: 3430
m: 39.948
T: 200
k: 8.617e-05
dt: 10
theoretical std: 0.020770431725997164
std: 0.020570501042628028
K.E: 0.025355054224671797
most probable Speed: 0.02887842837316119
theoretical most probable speed: 0.029091081559294452
theoretical mean K.E: 0.025851
2018-01-31 23:16:20,977 - L: 1000
N: 3430
m: 39.948
T: 200
k: 8.617e-05
dt: 10
theoretical std: 0.020770431725997164
std: 0.02063207856689046
K.E: 0.025503870667919135
most probable Speed: 0.02949436071350057
theoretical most probable speed: 0.029178165329243742
theoretical mean K.E: 0.025851
2018-01-31 23:19:37,732 - L: 1000
N: 343
m: 39.948
T: 200
k: 8.617e-05
dt: 10
theoretical std: 0.020770431725997164
std: 0.021113623920831964
K.E: 0.026711030478306513
most probable Speed: 0.029478070994023678
theoretical most probable speed: 0.029859173299685567
theoretical mean K.E: 0.025851
2018-02-01 00:53:46,923 - 
L: 1000
N: 343
m: 39.948
T: 200
k: 8.617e-05
dt: 10
theoretical std: 0.020770431725997164
std: 0.020856073874220428
K.E: 0.02606090487800766
most probable Speed: 0.0291190979350756
theoretical most probable speed: 0.02949494253077771
theoretical mean K.E: 0.025851
2018-02-01 00:57:32,310 - 
L: 1000
N: 343
m: 39.948
T: 2000
k: 8.617e-05
dt: 10
theoretical std: 0.06568187223917339
std: 0.0668580551579169
K.E: 0.26775848166573163
most probable Speed: 0.09548223308913958
theoretical most probable speed: 0.09455156835821454
theoretical mean K.E: 0.25851
2018-02-01 01:18:41,800 - 
L: 1000
N: 343
m: 39.948
T: 2000
k: 8.617e-05
dt: 10
theoretical std: 0.06568187223917339
std: 0.06727436914324161
K.E: 0.271181644729349
most probable Speed: 0.09547991235887508
theoretical most probable speed: 0.09514032524246635
theoretical mean K.E: 0.25851
2018-02-01 01:18:55,798 - 
L: 1000
N: 343
m: 39.948
T: 200
k: 8.617e-05
dt: 10
theoretical std: 0.020770431725997164
std: 0.020541966574262882
K.E: 0.02536506982925571
most probable Speed: 0.02870068174202479
theoretical most probable speed: 0.029050727727137356
theoretical mean K.E: 0.025851
2018-02-06 13:46:29,580 - 
L: 1000
N: 343
m: 39.948
T: 200
k: 8.617e-05
dt: 10
theoretical std: 0.020770431725997164
t: 10000
steps: 1000
2018-02-06 14:05:35,554 - 
L: 1000
N: 343
m: 39.948
T: 200
k: 8.617e-05
dt: 10
theoretical std: 0.020770431725997164
t: 10000
steps: 1000
2018-02-06 14:35:12,554 - 
L: 1000
N: 343
m: 39.948
T: 200
k: 8.617e-05
dt: 10
theoretical std: 0.020770431725997164
t: 10000
steps: 1000
2018-02-06 14:36:00,687 - 
L: 1000
N: 343
m: 39.948
T: 200
k: 8.617e-05
dt: 20
theoretical std: 0.020770431725997164
t: 10000
steps: 500
2018-02-06 14:36:38,284 - 
L: 1000
N: 343
m: 39.948
T: 500
k: 8.617e-05
dt: 20
theoretical std: 0.032840936119586696
t: 10000
steps: 500
2018-02-06 15:21:09,094 - 
L: 1000
N: 343
m: 39.948
T: 500
k: 8.617e-05
dt: 20
theoretical std: 0.032840936119586696
t: 10000
steps: 500
2018-02-06 15:22:06,564 - 
L: 1000
N: 343
m: 39.948
T: 500
k: 8.617e-05
dt: 100
theoretical std: 0.032840936119586696
t: 10000
steps: 100
2018-02-06 15:23:11,157 - 
L: 1000
N: 343
m: 39.948
T: 500
k: 8.617e-05
dt: 100
theoretical std: 0.032840936119586696
t: 100000
steps: 1000
2018-02-06 15:35:29,066 - 
L: 1000
N: 343
m: 39.948
T: 800
k: 8.617e-05
dt: 20
theoretical std: 0.04154086345199433
t: 100000
steps: 5000
2018-02-06 15:38:08,202 - 
L: 1000
N: 343
m: 39.948
T: 500
k: 8.617e-05
dt: 20
theoretical std: 0.032840936119586696
t: 20000
steps: 1000
2018-02-06 15:42:38,997 - 
L: 1000
N: 343
m: 39.948
T: 500
k: 8.617e-05
dt: 20
theoretical std: 0.032840936119586696
t: 20000
steps: 1000
2018-02-06 15:53:23,684 - 
L: 1000
N: 343
m: 39.948
T: 800
k: 8.617e-05
dt: 20
theoretical std: 0.04154086345199433
t: 20000
steps: 1000
2018-02-06 15:57:02,553 - 
L: 1000
N: 343
m: 39.948
T: 800
k: 8.617e-05
dt: 20
theoretical std: 0.04154086345199433
t: 20000
steps: 1000
2018-02-06 15:59:10,448 - 
L: 100.0
N: 343
m: 39.948
T: 400
k: 8.617e-05
dt: 20
theoretical std: 0.029373826243249603
t: 20000
steps: 1000
2018-02-06 16:00:38,939 - 
L: 100
N: 343
m: 39.948
T: 400
k: 8.617e-05
dt: 20
theoretical std: 0.029373826243249603
t: 20000
steps: 1000
2018-02-06 16:04:41,626 - 
L: 100
N: 343
m: 39.948
T: 300
k: 8.617e-05
dt: 20
theoretical std: 0.025438479733004178
t: 20000
steps: 1000
2018-02-06 16:05:36,925 - 
L: 1000
N: 343
m: 39.948
T: 300
k: 8.617e-05
dt: 20
theoretical std: 0.025438479733004178
t: 20000
steps: 1000
2018-02-06 16:07:45,196 - 
L: 1000
N: 343
m: 39.948
T: 400
k: 8.617e-05
dt: 20
theoretical std: 0.029373826243249603
t: 30000
steps: 1500
2018-02-06 16:10:50,994 - 
L: 1000
N: 343
m: 39.948
T: 400
k: 8.617e-05
dt: 10
theoretical std: 0.029373826243249603
t: 30000
steps: 3000
2018-02-06 16:13:42,893 - 
L: 100
N: 343
m: 39.948
T: 400
k: 8.617e-05
dt: 10
theoretical std: 0.029373826243249603
t: 30000
steps: 3000
2018-02-06 16:15:58,258 - 
L: 500
N: 343
m: 39.948
T: 400
k: 8.617e-05
dt: 10
theoretical std: 0.029373826243249603
t: 30000
steps: 3000
2018-02-06 16:18:32,722 - 
L: 700
N: 343
m: 39.948
T: 400
k: 8.617e-05
dt: 10
theoretical std: 0.029373826243249603
t: 30000
steps: 3000
2018-02-06 16:33:49,918 - 
L: 1000
N: 343
m: 39.948
T: 200
k: 8.617e-05
dt: 10
theoretical std: 0.020770431725997164
t: 30000
steps: 3000
2018-02-06 17:08:47,429 - 
L: 100
N: 343
m: 39.948
T: 120
k: 8.617e-05
dt: 10
theoretical std: 0.01608870723366504
t: 30000
steps: 3000
2018-02-06 17:10:43,395 - 
L: 100
N: 343
m: 39.948
T: 120
k: 8.617e-05
dt: 5
theoretical std: 0.01608870723366504
t: 20000
steps: 4000
2018-02-06 17:12:31,321 - 
L: 100
N: 216
m: 39.948
T: 120
k: 8.617e-05
dt: 5
theoretical std: 0.01608870723366504
t: 20000
steps: 4000
2018-02-06 17:14:49,485 - 
L: 500
N: 216
m: 39.948
T: 120
k: 8.617e-05
dt: 5
theoretical std: 0.01608870723366504
t: 20000
steps: 4000
2018-02-06 17:20:08,590 - 
L: 500
N: 216
m: 39.948
T: 120
k: 8.617e-05
dt: 5
theoretical std: 0.01608870723366504
t: 20000
steps: 4000
2018-02-06 17:24:06,578 - 
L: 500
N: 216
m: 39.948
T: 120
k: 8.617e-05
dt: 5
theoretical std: 0.01608870723366504
t: 20000
steps: 4000
2018-02-06 17:27:50,647 - 
L: 300
N: 216
m: 39.948
T: 120
k: 8.617e-05
dt: 5
theoretical std: 0.01608870723366504
t: 20000
steps: 4000
2018-02-06 17:29:37,436 - 
L: 600
N: 216
m: 39.948
T: 120
k: 8.617e-05
dt: 2
theoretical std: 0.01608870723366504
t: 10000
steps: 5000
2018-02-06 17:32:38,266 - 
L: 600
N: 216
m: 39.948
T: 120
k: 8.617e-05
dt: 2
theoretical std: 0.01608870723366504
t: 10000
steps: 5000
2018-02-06 17:35:16,141 - 
L: 600
N: 216
m: 39.948
T: 120
k: 8.617e-05
dt: 1
theoretical std: 0.01608870723366504
t: 10000
steps: 10000
2018-02-06 17:45:08,553 - 
L: 600
N: 216
m: 39.948
T: 120
k: 8.617e-05
dt: 1
theoretical std: 0.01608870723366504
t: 50000
steps: 50000
2018-02-06 18:17:42,539 - 
L: 600
N: 216
m: 39.948
T: 120
k: 8.617e-05
dt: 1
theoretical std: 0.01608870723366504
t: 50000
steps: 50000
2018-02-06 18:30:31,222 - duration : 230.17723393440247
2018-02-06 18:30:31,224 - 
sig: 3.4
eps: 0.0103
L: 50
N: 216
m: 39.948
T: 90
k: 8.617e-05
dt: 0.1
theoretical std: 0.013933229178404383
t: 2000
steps: 20000
2018-02-06 18:33:03,166 - duration : 1.2264740467071533
2018-02-06 18:33:03,166 - 
sig: 3.4
eps: 0.0103
L: 35.02
N: 216
m: 39.948
T: 90
k: 8.617e-05
dt: 0.1
theoretical std: 0.013933229178404383
t: 2000
steps: 20000
2018-02-06 18:33:50,576 - duration : 1.2486488819122314
2018-02-06 18:33:50,577 - 
sig: 3.4
eps: 0.0103
L: 35.02
N: 216
m: 39.948
T: 90
k: 8.617e-05
dt: 0.1
theoretical std: 0.013933229178404383
t: 2000
steps: 20000
2018-02-06 22:01:13,589 - duration : 2.6617431640625
2018-02-06 22:01:13,594 - 
sig: 3.4
eps: 0.0103
L: 35.02
N: 216
m: 39.948
T: 90
k: 8.617e-05
dt: 0.1
theoretical std: 0.013933229178404383
t: 2000
steps: 20000
2018-02-06 22:06:09,662 - duration : 261.15654706954956
2018-02-06 22:06:09,663 - 
sig: 3.4
eps: 0.0103
L: 35.02
N: 216
m: 39.948
T: 90
k: 8.617e-05
dt: 0.1
theoretical std: 0.013933229178404383
t: 2000
steps: 20000
2018-02-06 22:13:21,203 - duration : 235.13144612312317
2018-02-06 22:13:21,203 - 
sig: 3.4
eps: 0.0103
L: 35.02
N: 216
m: 39.948
T: 90
k: 8.617e-05
dt: 0.1
theoretical std: 0.013933229178404383
t: 2000
steps: 20000
2018-02-06 22:34:58,029 - duration : 222.182687997818
2018-02-06 22:34:58,030 - 
sig: 3.4
eps: 0.0103
L: 35.02
N: 216
m: 39.948
T: 90
k: 8.617e-05
dt: 0.1
dt_c: 0.01
is_close: False
theoretical std: 0.013933229178404383
t: 2000
steps: 20000
2018-02-06 22:44:37,976 - duration : 258.7196002006531
2018-02-06 22:44:37,977 - 
sig: 3.4
eps: 0.0103
L: 35.02
N: 216
m: 39.948
T: 90
k: 8.617e-05
dt: 0.1
dt_c: 0.01
trouble: True
theoretical std: 0.013933229178404383
t: 2000
steps: 20000
2018-02-06 22:48:48,508 - duration : 25.268894910812378
2018-02-06 22:48:48,509 - 
sig: 3.4
eps: 0.0103
L: 35.02
N: 216
m: 39.948
T: 90
k: 8.617e-05
steps: 2000
t: 0
dt: 0.1
dt_c: 0.01
trouble: True
theoretical std: 0.013933229178404383
2018-02-06 22:49:58,835 - duration : 26.43432879447937
2018-02-06 22:49:58,835 - 
sig: 3.4
eps: 0.0103
L: 100
N: 216
m: 39.948
T: 90
k: 8.617e-05
steps: 2000
t: 0
dt: 0.1
dt_c: 0.01
trouble: True
theoretical std: 0.013933229178404383
2018-02-06 22:52:42,898 - duration : 125.83968091011047
2018-02-06 22:52:42,898 - 
sig: 3.4
eps: 0.0103
L: 100
N: 216
m: 39.948
T: 90
k: 8.617e-05
steps: 10000
t: 0
dt: 0.1
dt_c: 0.01
trouble: True
theoretical std: 0.013933229178404383
2018-02-06 22:56:44,773 - duration : 126.16162705421448
2018-02-06 22:56:44,773 - 
sig: 3.4
eps: 0.0103
L: 100
N: 216
m: 39.948
T: 90
k: 8.617e-05
steps: 10000
t: 0
dt: 0.05
dt_c: 0.005
trouble: True
theoretical std: 0.013933229178404383
